<?xml version="1.0" encoding="UTF-8"?>
<!-- Generated by org.testng.reporters.JUnitReportReporter -->
<testsuite hostname="LAPTOP-04K9G834" name="com.GRID.NewToursLogInTest" tests="2" failures="0" timestamp="29 Dec 2017 06:36:23 GMT" time="0.000" errors="2">
  <testcase name="LogIn" time="0.000" classname="com.GRID.NewToursLogInTest">
    <error type="org.testng.TestNGException" message="
Parameter &#039;browsers&#039; is required by @Test on method LogIn but has not been marked @Optional or defined
in C:\Users\Hemanth\Desktop\Automation practice\web browser automation\Grid.xml">
      <![CDATA[org.testng.TestNGException: 
Parameter 'browsers' is required by @Test on method LogIn but has not been marked @Optional or defined
in C:\Users\Hemanth\Desktop\Automation practice\web browser automation\Grid.xml
	at org.testng.internal.Parameters.createParameters(Parameters.java:154)
	at org.testng.internal.Parameters.createParameters(Parameters.java:361)
	at org.testng.internal.Parameters.handleParameters(Parameters.java:451)
	at org.testng.internal.Invoker.handleParameters(Invoker.java:1270)
	at org.testng.internal.Invoker.createParameters(Invoker.java:985)
	at org.testng.internal.Invoker.invokeTestMethods(Invoker.java:1075)
	at org.testng.internal.TestMethodWorker.invokeTestMethods(TestMethodWorker.java:125)
	at org.testng.internal.TestMethodWorker.run(TestMethodWorker.java:108)
	at org.testng.TestRunner.privateRun(TestRunner.java:774)
	at org.testng.TestRunner.run(TestRunner.java:624)
	at org.testng.SuiteRunner.runTest(SuiteRunner.java:359)
	at org.testng.SuiteRunner.access$000(SuiteRunner.java:39)
	at org.testng.SuiteRunner$SuiteWorker.run(SuiteRunner.java:393)
	at org.testng.internal.thread.ThreadUtil$2.call(ThreadUtil.java:64)
	at java.util.concurrent.FutureTask.run(Unknown Source)
	at java.util.concurrent.ThreadPoolExecutor.runWorker(Unknown Source)
	at java.util.concurrent.ThreadPoolExecutor$Worker.run(Unknown Source)
	at java.lang.Thread.run(Unknown Source)
]]>
    </error>
  </testcase> <!-- LogIn -->
  <testcase name="LogIn" time="0.000" classname="com.GRID.NewToursLogInTest">
    <error type="org.testng.TestNGException" message="
Parameter &#039;browsers&#039; is required by @Test on method LogIn but has not been marked @Optional or defined
in C:\Users\Hemanth\Desktop\Automation practice\web browser automation\Grid.xml">
      <![CDATA[org.testng.TestNGException: 
Parameter 'browsers' is required by @Test on method LogIn but has not been marked @Optional or defined
in C:\Users\Hemanth\Desktop\Automation practice\web browser automation\Grid.xml
	at org.testng.internal.Parameters.createParameters(Parameters.java:154)
	at org.testng.internal.Parameters.createParameters(Parameters.java:361)
	at org.testng.internal.Parameters.handleParameters(Parameters.java:451)
	at org.testng.internal.Invoker.handleParameters(Invoker.java:1270)
	at org.testng.internal.Invoker.createParameters(Invoker.java:985)
	at org.testng.internal.Invoker.invokeTestMethods(Invoker.java:1075)
	at org.testng.internal.TestMethodWorker.invokeTestMethods(TestMethodWorker.java:125)
	at org.testng.internal.TestMethodWorker.run(TestMethodWorker.java:108)
	at org.testng.TestRunner.privateRun(TestRunner.java:774)
	at org.testng.TestRunner.run(TestRunner.java:624)
	at org.testng.SuiteRunner.runTest(SuiteRunner.java:359)
	at org.testng.SuiteRunner.access$000(SuiteRunner.java:39)
	at org.testng.SuiteRunner$SuiteWorker.run(SuiteRunner.java:393)
	at org.testng.internal.thread.ThreadUtil$2.call(ThreadUtil.java:64)
	at java.util.concurrent.FutureTask.run(Unknown Source)
	at java.util.concurrent.ThreadPoolExecutor.runWorker(Unknown Source)
	at java.util.concurrent.ThreadPoolExecutor$Worker.run(Unknown Source)
	at java.lang.Thread.run(Unknown Source)
]]>
    </error>
  </testcase> <!-- LogIn -->
</testsuite> <!-- com.GRID.NewToursLogInTest -->
